<?xml version="1.0" encoding="UTF-8"?>
<testng-results ignored="0" total="1" passed="1" failed="0" skipped="0">
  <reporter-output>
  </reporter-output>
  <suite started-at="2022-12-22T19:09:56 IST" name="Default suite" finished-at="2022-12-22T19:10:34 IST" duration-ms="38069">
    <groups>
      <group name="cucumber">
        <method signature="AbstractTestNGCucumberTests.runScenario(io.cucumber.testng.PickleWrapper,io.cucumber.testng.FeatureWrapper)[pri:0, instance:runner.Runner@3c9754d8]" name="runScenario" class="io.cucumber.testng.AbstractTestNGCucumberTests"/>
      </group> <!-- cucumber -->
    </groups>
    <test started-at="2022-12-22T19:09:56 IST" name="Default test" finished-at="2022-12-22T19:10:34 IST" duration-ms="38069">
      <class name="runner.Runner">
        <test-method is-config="true" signature="setUpClass(org.testng.ITestContext)[pri:0, instance:runner.Runner@3c9754d8]" started-at="2022-12-22T19:09:56 IST" name="setUpClass" finished-at="2022-12-22T19:09:56 IST" duration-ms="329" status="PASS">
          <params>
            <param index="0">
              <value>
                <![CDATA[org.testng.TestRunner@d6b532f]]>
              </value>
            </param>
          </params>
          <reporter-output>
          </reporter-output>
        </test-method> <!-- setUpClass -->
        <test-method signature="runScenario(io.cucumber.testng.PickleWrapper,io.cucumber.testng.FeatureWrapper)[pri:0, instance:runner.Runner@3c9754d8]" started-at="2022-12-22T19:09:56 IST" name="runScenario" description="Runs Cucumber Scenarios" data-provider="scenarios" finished-at="2022-12-22T19:10:34 IST" duration-ms="37664" status="PASS">
          <params>
            <param index="0">
              <value>
                <![CDATA["Displaying Holiday List as per Holiday type"]]>
              </value>
            </param>
            <param index="1">
              <value>
                <![CDATA["Holidays in LMS"]]>
              </value>
            </param>
          </params>
          <reporter-output>
          </reporter-output>
        </test-method> <!-- runScenario -->
        <test-method is-config="true" signature="tearDownClass()[pri:0, instance:runner.Runner@3c9754d8]" started-at="2022-12-22T19:10:34 IST" name="tearDownClass" finished-at="2022-12-22T19:10:34 IST" duration-ms="11" status="PASS">
          <reporter-output>
          </reporter-output>
        </test-method> <!-- tearDownClass -->
      </class> <!-- runner.Runner -->
    </test> <!-- Default test -->
  </suite> <!-- Default suite -->
</testng-results>
